<?xml version="1.0" encoding="UTF-8"?>
<!-- Generated by org.testng.reporters.JUnitXMLReporter -->
<testsuite ignored="0" hostname="DESKTOP-83C0IKP" failures="0" tests="3" name="Surefire test" time="5.144" errors="0" timestamp="2024-09-22T22:46:13 GMT+03:00">
  <testcase classname="com.almosafer.api.ALMOSAFER_TASK" name="GET_FlightsMainPage" time="2.06"/>
  <testcase classname="com.almosafer.api.ALMOSAFER_TASK" name="GET_aboutUsPage" time="1.83"/>
  <testcase classname="com.almosafer.api.ALMOSAFER_TASK" name="POST_CMSPage" time="0.402"/>
</testsuite> <!-- Surefire test -->
