<?xml version="1.0" encoding="UTF-8"?>
<testng-results ignored="0" total="3" passed="3" failed="0" skipped="0">
  <reporter-output>
  </reporter-output>
  <suite started-at="2024-09-22T22:46:08 GMT+03:00" name="Surefire suite" finished-at="2024-09-22T22:46:13 GMT+03:00" duration-ms="5144">
    <groups>
    </groups>
    <test started-at="2024-09-22T22:46:08 GMT+03:00" name="Surefire test" finished-at="2024-09-22T22:46:13 GMT+03:00" duration-ms="5144">
      <class name="com.almosafer.api.ALMOSAFER_TASK">
        <test-method is-config="true" signature="setUp()[pri:0, instance:com.almosafer.api.ALMOSAFER_TASK@23282c25]" started-at="2024-09-22T22:46:08 GMT+03:00" name="setUp" finished-at="2024-09-22T22:46:08 GMT+03:00" duration-ms="533" status="PASS">
          <reporter-output>
          </reporter-output>
        </test-method> <!-- setUp -->
        <test-method signature="GET_FlightsMainPage()[pri:0, instance:com.almosafer.api.ALMOSAFER_TASK@23282c25]" started-at="2024-09-22T22:46:08 GMT+03:00" name="GET_FlightsMainPage" finished-at="2024-09-22T22:46:10 GMT+03:00" duration-ms="2060" status="PASS">
          <reporter-output>
          </reporter-output>
        </test-method> <!-- GET_FlightsMainPage -->
        <test-method signature="GET_aboutUsPage()[pri:0, instance:com.almosafer.api.ALMOSAFER_TASK@23282c25]" started-at="2024-09-22T22:46:10 GMT+03:00" name="GET_aboutUsPage" finished-at="2024-09-22T22:46:12 GMT+03:00" duration-ms="1830" status="PASS">
          <reporter-output>
          </reporter-output>
        </test-method> <!-- GET_aboutUsPage -->
        <test-method signature="POST_CMSPage()[pri:0, instance:com.almosafer.api.ALMOSAFER_TASK@23282c25]" started-at="2024-09-22T22:46:12 GMT+03:00" name="POST_CMSPage" finished-at="2024-09-22T22:46:12 GMT+03:00" duration-ms="402" status="PASS">
          <reporter-output>
          </reporter-output>
        </test-method> <!-- POST_CMSPage -->
        <test-method is-config="true" signature="tearDown()[pri:0, instance:com.almosafer.api.ALMOSAFER_TASK@23282c25]" started-at="2024-09-22T22:46:12 GMT+03:00" name="tearDown" finished-at="2024-09-22T22:46:13 GMT+03:00" duration-ms="285" status="PASS">
          <reporter-output>
          </reporter-output>
        </test-method> <!-- tearDown -->
      </class> <!-- com.almosafer.api.ALMOSAFER_TASK -->
    </test> <!-- Surefire test -->
  </suite> <!-- Surefire suite -->
</testng-results>
